<?xml version="1.0" encoding="UTF-8"?>
<!-- Generated by org.testng.reporters.JUnitXMLReporter -->
<testsuite ignored="0" hostname="DESKTOP-0F65BGN" failures="0" tests="7" name="Test" time="11.171" errors="0" timestamp="16 Jan 2023 19:05:04 GMT">
  <testcase classname="mytest.PTC04_getJSONDATA" name="get_JSONData" time="4.031"/>
  <testcase classname="mytest.PTC03_GETHeaders" name="getPetDetails" time="1.78"/>
  <testcase classname="mytest.PTC01_GETRequest" name="getRequest" time="1.43"/>
  <testcase classname="mytest.PTC05_GETREquestWithBasicAuth" name="getRquestWithBasicAuth" time="0.814"/>
  <testcase classname="mytest.PTC02_POSTRequest" name="postRequest" time="0.842"/>
  <testcase classname="mytest.PTC02_POSTRequest" name="postRequest" time="1.005"/>
  <testcase classname="mytest.PTC02_POSTRequest" name="postRequest" time="0.81"/>
</testsuite> <!-- Test -->
