<?xml version="1.0" encoding="UTF-8"?>
<testng-results ignored="0" total="7" passed="7" failed="0" skipped="0">
  <reporter-output>
  </reporter-output>
  <suite started-at="2023-01-17T08:20:50Z" name="Suitetest" finished-at="2023-01-17T08:21:03Z" duration-ms="12765">
    <groups>
    </groups>
    <test started-at="2023-01-17T08:20:50Z" name="Test" finished-at="2023-01-17T08:21:03Z" duration-ms="12765">
      <class name="mytest.PTC03_GETHeaders">
        <test-method signature="getPetDetails()[pri:0, instance:mytest.PTC03_GETHeaders@663c9e7a]" started-at="2023-01-17T08:20:54Z" name="getPetDetails" finished-at="2023-01-17T08:20:56Z" duration-ms="1449" status="PASS">
          <reporter-output>
          </reporter-output>
        </test-method> <!-- getPetDetails -->
      </class> <!-- mytest.PTC03_GETHeaders -->
      <class name="mytest.PTC04_getJSONDATA">
        <test-method signature="get_JSONData()[pri:0, instance:mytest.PTC04_getJSONDATA@1cf6d1be]" started-at="2023-01-17T08:20:50Z" name="get_JSONData" finished-at="2023-01-17T08:20:54Z" duration-ms="3831" status="PASS">
          <reporter-output>
          </reporter-output>
        </test-method> <!-- get_JSONData -->
      </class> <!-- mytest.PTC04_getJSONDATA -->
      <class name="mytest.PTC05_GETREquestWithBasicAuth">
        <test-method signature="getRquestWithBasicAuth()[pri:0, instance:mytest.PTC05_GETREquestWithBasicAuth@795509d9]" started-at="2023-01-17T08:20:57Z" name="getRquestWithBasicAuth" finished-at="2023-01-17T08:20:58Z" duration-ms="841" status="PASS">
          <reporter-output>
          </reporter-output>
        </test-method> <!-- getRquestWithBasicAuth -->
      </class> <!-- mytest.PTC05_GETREquestWithBasicAuth -->
      <class name="mytest.PTC01_GETRequest">
        <test-method signature="getRequest()[pri:0, instance:mytest.PTC01_GETRequest@19e4653c]" started-at="2023-01-17T08:20:56Z" name="getRequest" finished-at="2023-01-17T08:20:57Z" duration-ms="1185" status="PASS">
          <reporter-output>
          </reporter-output>
        </test-method> <!-- getRequest -->
      </class> <!-- mytest.PTC01_GETRequest -->
      <class name="mytest.PTC02_POSTRequest">
        <test-method signature="postRequest(java.lang.String, java.lang.String)[pri:0, instance:mytest.PTC02_POSTRequest@53045c6c]" started-at="2023-01-17T08:20:58Z" name="postRequest" data-provider="getdata" finished-at="2023-01-17T08:20:58Z" duration-ms="622" status="PASS">
          <params>
            <param index="0">
              <value>
                <![CDATA[kaka]]>
              </value>
            </param>
            <param index="1">
              <value>
                <![CDATA[jattu]]>
              </value>
            </param>
          </params>
          <reporter-output>
          </reporter-output>
        </test-method> <!-- postRequest -->
        <test-method signature="postRequest(java.lang.String, java.lang.String)[pri:0, instance:mytest.PTC02_POSTRequest@53045c6c]" started-at="2023-01-17T08:20:58Z" name="postRequest" data-provider="getdata" finished-at="2023-01-17T08:21:02Z" duration-ms="3595" status="PASS">
          <params>
            <param index="0">
              <value>
                <![CDATA[mama]]>
              </value>
            </param>
            <param index="1">
              <value>
                <![CDATA[kadu]]>
              </value>
            </param>
          </params>
          <reporter-output>
          </reporter-output>
        </test-method> <!-- postRequest -->
        <test-method signature="postRequest(java.lang.String, java.lang.String)[pri:0, instance:mytest.PTC02_POSTRequest@53045c6c]" started-at="2023-01-17T08:21:02Z" name="postRequest" data-provider="getdata" finished-at="2023-01-17T08:21:03Z" duration-ms="598" status="PASS">
          <params>
            <param index="0">
              <value>
                <![CDATA[msti]]>
              </value>
            </param>
            <param index="1">
              <value>
                <![CDATA[partner]]>
              </value>
            </param>
          </params>
          <reporter-output>
          </reporter-output>
        </test-method> <!-- postRequest -->
      </class> <!-- mytest.PTC02_POSTRequest -->
    </test> <!-- Test -->
  </suite> <!-- Suitetest -->
</testng-results>
